<?xml version="1.0" encoding="UTF-8"?>
<testsuites name="GutTests" failures="0" tests="22" >
  <testsuite name="tests/test_bulk_playthrough.gd" tests="1" failures="0" skipped="0" time="0.84062" >
      <testcase name="test_bulk_simulation" assertions="102" status="pass" classname="tests/test_bulk_playthrough.gd" time="0.84062" >
      </testcase>
      </testsuite>
  <testsuite name="tests/test_core_engine.gd" tests="5" failures="0" skipped="0" time="0.510249" >
      <testcase name="test_time_manager_lifecycle" assertions="7" status="pass" classname="tests/test_core_engine.gd" time="0.095884" >
      </testcase>
      <testcase name="test_time_warning" assertions="1" status="pass" classname="tests/test_core_engine.gd" time="0.103577" >
      </testcase>
      <testcase name="test_force_death" assertions="2" status="pass" classname="tests/test_core_engine.gd" time="0.103476" >
      </testcase>
      <testcase name="test_game_state_items" assertions="4" status="pass" classname="tests/test_core_engine.gd" time="0.10374" >
      </testcase>
      <testcase name="test_respawn_persists_run_state" assertions="3" status="pass" classname="tests/test_core_engine.gd" time="0.103572" >
      </testcase>
      </testsuite>
  <testsuite name="tests/test_initialization.gd" tests="1" failures="0" skipped="0" time="0.000175" >
      <testcase name="test_godot_project_initialized" assertions="1" status="pass" classname="tests/test_initialization.gd" time="0.000175" >
      </testcase>
      </testsuite>
  <testsuite name="tests/test_puzzles.gd" tests="6" failures="0" skipped="0" time="0.572455" >
      <testcase name="test_block_push_puzzle" assertions="1" status="pass" classname="tests/test_puzzles.gd" time="0.089268" >
      </testcase>
      <testcase name="test_dig_spot_puzzle" assertions="5" status="pass" classname="tests/test_puzzles.gd" time="0.096546" >
      </testcase>
      <testcase name="test_vine_cut_puzzle" assertions="2" status="pass" classname="tests/test_puzzles.gd" time="0.096562" >
      </testcase>
      <testcase name="test_water_drain_puzzle" assertions="2" status="pass" classname="tests/test_puzzles.gd" time="0.096582" >
      </testcase>
      <testcase name="test_light_reflector_puzzle" assertions="3" status="pass" classname="tests/test_puzzles.gd" time="0.096773" >
      </testcase>
      <testcase name="test_timed_lever_sequence" assertions="4" status="pass" classname="tests/test_puzzles.gd" time="0.096724" >
      </testcase>
      </testsuite>
  <testsuite name="tests/test_room_camera.gd" tests="1" failures="0" skipped="0" time="0.100755" >
      <testcase name="test_camera_room_transition" assertions="6" status="pass" classname="tests/test_room_camera.gd" time="0.100755" >
      </testcase>
      </testsuite>
  <testsuite name="tests/test_visual_juice.gd" tests="3" failures="0" skipped="0" time="0.309731" >
      <testcase name="test_particles_spawn" assertions="1" status="pass" classname="tests/test_visual_juice.gd" time="0.102615" >
      </testcase>
      <testcase name="test_screen_shake" assertions="2" status="pass" classname="tests/test_visual_juice.gd" time="0.10349" >
      </testcase>
      <testcase name="test_vignette_low_time" assertions="4" status="pass" classname="tests/test_visual_juice.gd" time="0.103626" >
      </testcase>
      </testsuite>
  <testsuite name="tests/test_websocket.gd" tests="2" failures="0" skipped="0" time="0.206226" >
      <testcase name="test_server_starts" assertions="1" status="pass" classname="tests/test_websocket.gd" time="0.102739" >
      </testcase>
      <testcase name="test_broadcast_no_peers" assertions="1" status="pass" classname="tests/test_websocket.gd" time="0.103487" >
      </testcase>
      </testsuite>
  <testsuite name="tests/test_world_solver.gd" tests="3" failures="0" skipped="0" time="0.482437" >
      <testcase name="test_procedural_generation_100_seeds" assertions="101" status="pass" classname="tests/test_world_solver.gd" time="0.468829" >
      </testcase>
      <testcase name="test_item_gated_solvability" assertions="1" status="pass" classname="tests/test_world_solver.gd" time="0.008519" >
      </testcase>
      <testcase name="test_bicycle_speed_boost" assertions="2" status="pass" classname="tests/test_world_solver.gd" time="0.005089" >
      </testcase>
      </testsuite>
  </testsuites>