<?xml version="1.0" encoding="UTF-8"?>
<testsuites name="GutTests" failures="0" tests="26" >
  <testsuite name="tests/test_bulk_playthrough.gd" tests="1" failures="0" skipped="0" time="0.824738" >
      <testcase name="test_bulk_simulation" assertions="102" status="pass" classname="tests/test_bulk_playthrough.gd" time="0.824738" >
      </testcase>
      </testsuite>
  <testsuite name="tests/test_core_engine.gd" tests="6" failures="0" skipped="0" time="0.620592" >
      <testcase name="test_time_manager_lifecycle" assertions="7" status="pass" classname="tests/test_core_engine.gd" time="0.102616" >
      </testcase>
      <testcase name="test_time_warning" assertions="1" status="pass" classname="tests/test_core_engine.gd" time="0.103801" >
      </testcase>
      <testcase name="test_force_death" assertions="2" status="pass" classname="tests/test_core_engine.gd" time="0.103615" >
      </testcase>
      <testcase name="test_game_state_items" assertions="4" status="pass" classname="tests/test_core_engine.gd" time="0.103523" >
      </testcase>
      <testcase name="test_respawn_persists_run_state" assertions="3" status="pass" classname="tests/test_core_engine.gd" time="0.103476" >
      </testcase>
      <testcase name="test_hint_system_trigger" assertions="3" status="pass" classname="tests/test_core_engine.gd" time="0.103561" >
      </testcase>
      </testsuite>
  <testsuite name="tests/test_initialization.gd" tests="1" failures="0" skipped="0" time="0.000176" >
      <testcase name="test_godot_project_initialized" assertions="1" status="pass" classname="tests/test_initialization.gd" time="0.000176" >
      </testcase>
      </testsuite>
  <testsuite name="tests/test_puzzles.gd" tests="9" failures="0" skipped="0" time="0.858492" >
      <testcase name="test_block_push_puzzle" assertions="4" status="pass" classname="tests/test_puzzles.gd" time="0.085168" >
      </testcase>
      <testcase name="test_dig_spot_puzzle" assertions="6" status="pass" classname="tests/test_puzzles.gd" time="0.096672" >
      </testcase>
      <testcase name="test_vine_cut_puzzle" assertions="3" status="pass" classname="tests/test_puzzles.gd" time="0.096668" >
      </testcase>
      <testcase name="test_water_drain_puzzle" assertions="3" status="pass" classname="tests/test_puzzles.gd" time="0.096648" >
      </testcase>
      <testcase name="test_light_reflector_puzzle" assertions="3" status="pass" classname="tests/test_puzzles.gd" time="0.096667" >
      </testcase>
      <testcase name="test_timed_lever_sequence" assertions="5" status="pass" classname="tests/test_puzzles.gd" time="0.096709" >
      </testcase>
      <testcase name="test_impassable_terrain_blocks_movement" assertions="1" status="pass" classname="tests/test_puzzles.gd" time="0.096703" >
      </testcase>
      <testcase name="test_npc_dialogue_trigger" assertions="7" status="pass" classname="tests/test_puzzles.gd" time="0.096658" >
      </testcase>
      <testcase name="test_audio_manager_nodes" assertions="2" status="pass" classname="tests/test_puzzles.gd" time="0.096599" >
      </testcase>
      </testsuite>
  <testsuite name="tests/test_room_camera.gd" tests="1" failures="0" skipped="0" time="0.100953" >
      <testcase name="test_camera_room_transition" assertions="6" status="pass" classname="tests/test_room_camera.gd" time="0.100953" >
      </testcase>
      </testsuite>
  <testsuite name="tests/test_visual_juice.gd" tests="3" failures="0" skipped="0" time="0.309911" >
      <testcase name="test_particles_spawn" assertions="1" status="pass" classname="tests/test_visual_juice.gd" time="0.102791" >
      </testcase>
      <testcase name="test_screen_shake" assertions="2" status="pass" classname="tests/test_visual_juice.gd" time="0.103525" >
      </testcase>
      <testcase name="test_vignette_low_time" assertions="4" status="pass" classname="tests/test_visual_juice.gd" time="0.103595" >
      </testcase>
      </testsuite>
  <testsuite name="tests/test_websocket.gd" tests="2" failures="0" skipped="0" time="0.206368" >
      <testcase name="test_server_starts" assertions="1" status="pass" classname="tests/test_websocket.gd" time="0.102841" >
      </testcase>
      <testcase name="test_broadcast_no_peers" assertions="1" status="pass" classname="tests/test_websocket.gd" time="0.103527" >
      </testcase>
      </testsuite>
  <testsuite name="tests/test_world_solver.gd" tests="3" failures="0" skipped="0" time="0.488998" >
      <testcase name="test_procedural_generation_100_seeds" assertions="101" status="pass" classname="tests/test_world_solver.gd" time="0.47621" >
      </testcase>
      <testcase name="test_item_gated_solvability" assertions="1" status="pass" classname="tests/test_world_solver.gd" time="0.007912" >
      </testcase>
      <testcase name="test_bicycle_speed_boost" assertions="2" status="pass" classname="tests/test_world_solver.gd" time="0.004876" >
      </testcase>
      </testsuite>
  </testsuites>